<?xml version="1.0" encoding="UTF-8"?>
<testng-results ignored="0" total="2" passed="2" failed="0" skipped="0">
  <reporter-output>
  </reporter-output>
  <suite started-at="2024-01-21T21:21:54 IST" name="Suite" finished-at="2024-01-21T21:21:59 IST" duration-ms="4453">
    <groups>
    </groups>
    <test started-at="2024-01-21T21:21:54 IST" name="Test" finished-at="2024-01-21T21:21:59 IST" duration-ms="4453">
      <class name="api.test.UserTests2">
        <test-method is-config="true" signature="setUpData()[pri:0, instance:api.test.UserTests2@61d6015a]" started-at="2024-01-21T21:21:54 IST" name="setUpData" finished-at="2024-01-21T21:21:55 IST" duration-ms="620" status="PASS">
          <reporter-output>
          </reporter-output>
        </test-method> <!-- setUpData -->
        <test-method signature="testPostUser()[pri:1, instance:api.test.UserTests2@61d6015a]" started-at="2024-01-21T21:21:55 IST" name="testPostUser" finished-at="2024-01-21T21:21:58 IST" duration-ms="2681" status="PASS">
          <reporter-output>
          </reporter-output>
        </test-method> <!-- testPostUser -->
        <test-method signature="testReadUser()[pri:2, instance:api.test.UserTests2@61d6015a]" started-at="2024-01-21T21:21:58 IST" name="testReadUser" finished-at="2024-01-21T21:21:59 IST" duration-ms="1132" status="PASS">
          <reporter-output>
          </reporter-output>
        </test-method> <!-- testReadUser -->
      </class> <!-- api.test.UserTests2 -->
    </test> <!-- Test -->
  </suite> <!-- Suite -->
</testng-results>
