<?xml version="1.0" encoding="UTF-8"?>
<testsuite xmlns:xsi="http://www.w3.org/2001/XMLSchema-instance" xsi:noNamespaceSchemaLocation="https://maven.apache.org/surefire/maven-surefire-plugin/xsd/surefire-test-report-3.0.xsd" version="3.0" name="TestSuite" time="4.883" tests="2" errors="0" skipped="0" failures="0">
  <properties>
[...]
</properties>
  <testcase name="testPostUser" classname="api.test.UserTests2" time="2.689">
    <system-out><![CDATA[1959910454
21:21:55.556 [main] INFO  api.test.UserTests2 - *******************User Creation**********************
HTTP/1.1 200 OK
Date: Sun, 21 Jan 2024 15:51:58 GMT
Content-Type: application/json
Transfer-Encoding: chunked
Connection: keep-alive
Access-Control-Allow-Origin: *
Access-Control-Allow-Methods: GET, POST, DELETE, PUT
Access-Control-Allow-Headers: Content-Type, api_key, Authorization
Server: Jetty(9.2.9.v20150224)

{
    "code": 200,
    "type": "unknown",
    "message": "1959910454"
}
21:21:58.233 [main] INFO  api.test.UserTests2 - *******************User is Created**********************
]]></system-out>
  </testcase>
  <testcase name="testReadUser" classname="api.test.UserTests2" time="1.132">
    <system-out><![CDATA[21:21:58.236 [main] INFO  api.test.UserTests2 - *******************Read User**********************
HTTP/1.1 200 OK
Date: Sun, 21 Jan 2024 15:51:59 GMT
Content-Type: application/json
Transfer-Encoding: chunked
Connection: keep-alive
Access-Control-Allow-Origin: *
Access-Control-Allow-Methods: GET, POST, DELETE, PUT
Access-Control-Allow-Headers: Content-Type, api_key, Authorization
Server: Jetty(9.2.9.v20150224)

{
    "id": 1959910454,
    "username": "jacques.beahan",
    "firstName": "Malka",
    "lastName": "Gaylord",
    "email": "sammy.walsh@example.com",
    "password": "j91pynnd",
    "phone": "606-088-3505",
    "userStatus": 0
}
21:21:59.367 [main] INFO  api.test.UserTests2 - *******************User info obtained**********************
]]></system-out>
  </testcase>
</testsuite>