<?xml version="1.0" encoding="UTF-8"?>
<testng-results ignored="0" total="2" passed="2" failed="0" skipped="0">
  <reporter-output>
  </reporter-output>
  <suite started-at="2024-01-21T20:11:16 IST" name="Default suite" finished-at="2024-01-21T20:11:20 IST" duration-ms="4017">
    <groups>
    </groups>
    <test started-at="2024-01-21T20:11:16 IST" name="Default test" finished-at="2024-01-21T20:11:20 IST" duration-ms="4017">
      <class name="api.test.UserTests2">
        <test-method is-config="true" signature="setUpData()[pri:0, instance:api.test.UserTests2@b62d79]" started-at="2024-01-21T20:11:16 IST" name="setUpData" finished-at="2024-01-21T20:11:16 IST" duration-ms="512" status="PASS">
          <reporter-output>
          </reporter-output>
        </test-method> <!-- setUpData -->
        <test-method signature="testPostUser()[pri:1, instance:api.test.UserTests2@b62d79]" started-at="2024-01-21T20:11:16 IST" name="testPostUser" finished-at="2024-01-21T20:11:19 IST" duration-ms="2315" status="PASS">
          <reporter-output>
          </reporter-output>
        </test-method> <!-- testPostUser -->
        <test-method signature="testReadUser()[pri:2, instance:api.test.UserTests2@b62d79]" started-at="2024-01-21T20:11:19 IST" name="testReadUser" finished-at="2024-01-21T20:11:20 IST" duration-ms="1169" status="PASS">
          <reporter-output>
          </reporter-output>
        </test-method> <!-- testReadUser -->
      </class> <!-- api.test.UserTests2 -->
    </test> <!-- Default test -->
  </suite> <!-- Default suite -->
</testng-results>
